2020-09-03 16:10:15.115 [restartedMain] INFO  c.dasan.aaserver.AaServerApplication - Starting AaServerApplication on VNHANO-L-3693 with PID 16884 (D:\personal\git\aaserver\target\classes started by doanh.nguyen in D:\personal\git\aaserver)
2020-09-03 16:10:15.119 [restartedMain] INFO  c.dasan.aaserver.AaServerApplication - The following profiles are active: dev
2020-09-03 16:10:15.211 [restartedMain] INFO  o.s.b.d.e.DevToolsPropertyDefaultsPostProcessor - Devtools property defaults active! Set 'spring.devtools.add-properties' to 'false' to disable
2020-09-03 16:10:15.211 [restartedMain] INFO  o.s.b.d.e.DevToolsPropertyDefaultsPostProcessor - For additional web related logging consider setting the 'logging.level.web' property to 'DEBUG'
2020-09-03 16:10:16.250 [restartedMain] WARN  o.s.b.w.s.c.AnnotationConfigServletWebServerApplicationContext - Exception encountered during context initialization - cancelling refresh attempt: org.springframework.beans.factory.support.BeanDefinitionOverrideException: Invalid bean definition with name 'tokenStore' defined in class path resource [com/dasan/aaserver/config/JwtOauth2ServerConfig.class]: Cannot register bean definition [Root bean: class [null]; scope=; abstract=false; lazyInit=false; autowireMode=3; dependencyCheck=0; autowireCandidate=true; primary=false; factoryBeanName=jwtOauth2ServerConfig; factoryMethodName=tokenStore; initMethodName=null; destroyMethodName=(inferred); defined in class path resource [com/dasan/aaserver/config/JwtOauth2ServerConfig.class]] for bean 'tokenStore': There is already [Root bean: class [null]; scope=; abstract=false; lazyInit=false; autowireMode=3; dependencyCheck=0; autowireCandidate=true; primary=false; factoryBeanName=jwtOauth2ResourceOwnerConfig; factoryMethodName=tokenStore; initMethodName=null; destroyMethodName=(inferred); defined in class path resource [com/dasan/aaserver/config/JwtOauth2ResourceOwnerConfig.class]] bound.
2020-09-03 16:10:16.259 [restartedMain] INFO  o.s.b.a.l.ConditionEvaluationReportLoggingListener - 

Error starting ApplicationContext. To display the conditions report re-run your application with 'debug' enabled.
2020-09-03 16:10:16.261 [restartedMain] ERROR o.s.b.d.LoggingFailureAnalysisReporter - 

***************************
APPLICATION FAILED TO START
***************************

Description:

The bean 'tokenStore', defined in class path resource [com/dasan/aaserver/config/JwtOauth2ServerConfig.class], could not be registered. A bean with that name has already been defined in class path resource [com/dasan/aaserver/config/JwtOauth2ResourceOwnerConfig.class] and overriding is disabled.

Action:

Consider renaming one of the beans or enabling overriding by setting spring.main.allow-bean-definition-overriding=true

2020-09-03 16:16:49.372 [restartedMain] INFO  c.dasan.aaserver.AaServerApplication - Starting AaServerApplication on VNHANO-L-3693 with PID 16136 (D:\personal\git\aaserver\target\classes started by doanh.nguyen in D:\personal\git\aaserver)
2020-09-03 16:16:49.375 [restartedMain] INFO  c.dasan.aaserver.AaServerApplication - The following profiles are active: dev
2020-09-03 16:16:49.440 [restartedMain] INFO  o.s.b.d.e.DevToolsPropertyDefaultsPostProcessor - Devtools property defaults active! Set 'spring.devtools.add-properties' to 'false' to disable
2020-09-03 16:16:49.440 [restartedMain] INFO  o.s.b.d.e.DevToolsPropertyDefaultsPostProcessor - For additional web related logging consider setting the 'logging.level.web' property to 'DEBUG'
2020-09-03 16:16:50.446 [restartedMain] WARN  o.s.b.w.s.c.AnnotationConfigServletWebServerApplicationContext - Exception encountered during context initialization - cancelling refresh attempt: org.springframework.beans.factory.support.BeanDefinitionOverrideException: Invalid bean definition with name 'tokenServices' defined in class path resource [com/dasan/aaserver/config/JwtOauth2ServerConfig.class]: Cannot register bean definition [Root bean: class [null]; scope=; abstract=false; lazyInit=false; autowireMode=3; dependencyCheck=0; autowireCandidate=true; primary=true; factoryBeanName=jwtOauth2ServerConfig; factoryMethodName=tokenServices; initMethodName=null; destroyMethodName=(inferred); defined in class path resource [com/dasan/aaserver/config/JwtOauth2ServerConfig.class]] for bean 'tokenServices': There is already [Root bean: class [null]; scope=; abstract=false; lazyInit=false; autowireMode=3; dependencyCheck=0; autowireCandidate=true; primary=true; factoryBeanName=jwtOauth2ResourceOwnerConfig; factoryMethodName=tokenServices; initMethodName=null; destroyMethodName=(inferred); defined in class path resource [com/dasan/aaserver/config/JwtOauth2ResourceOwnerConfig.class]] bound.
2020-09-03 16:16:50.455 [restartedMain] INFO  o.s.b.a.l.ConditionEvaluationReportLoggingListener - 

Error starting ApplicationContext. To display the conditions report re-run your application with 'debug' enabled.
2020-09-03 16:16:50.458 [restartedMain] ERROR o.s.b.d.LoggingFailureAnalysisReporter - 

***************************
APPLICATION FAILED TO START
***************************

Description:

The bean 'tokenServices', defined in class path resource [com/dasan/aaserver/config/JwtOauth2ServerConfig.class], could not be registered. A bean with that name has already been defined in class path resource [com/dasan/aaserver/config/JwtOauth2ResourceOwnerConfig.class] and overriding is disabled.

Action:

Consider renaming one of the beans or enabling overriding by setting spring.main.allow-bean-definition-overriding=true

2020-09-03 16:18:44.402 [restartedMain] INFO  c.dasan.aaserver.AaServerApplication - Starting AaServerApplication on VNHANO-L-3693 with PID 16548 (D:\personal\git\aaserver\target\classes started by doanh.nguyen in D:\personal\git\aaserver)
2020-09-03 16:18:44.404 [restartedMain] INFO  c.dasan.aaserver.AaServerApplication - The following profiles are active: dev
2020-09-03 16:18:44.462 [restartedMain] INFO  o.s.b.d.e.DevToolsPropertyDefaultsPostProcessor - Devtools property defaults active! Set 'spring.devtools.add-properties' to 'false' to disable
2020-09-03 16:18:44.462 [restartedMain] INFO  o.s.b.d.e.DevToolsPropertyDefaultsPostProcessor - For additional web related logging consider setting the 'logging.level.web' property to 'DEBUG'
2020-09-03 16:18:45.565 [restartedMain] INFO  o.s.d.r.c.RepositoryConfigurationDelegate - Bootstrapping Spring Data repositories in DEFAULT mode.
2020-09-03 16:18:45.635 [restartedMain] INFO  o.s.d.r.c.RepositoryConfigurationDelegate - Finished Spring Data repository scanning in 63ms. Found 1 repository interfaces.
2020-09-03 16:18:46.398 [restartedMain] INFO  o.s.c.s.PostProcessorRegistrationDelegate$BeanPostProcessorChecker - Bean 'org.springframework.transaction.annotation.ProxyTransactionManagementConfiguration' of type [org.springframework.transaction.annotation.ProxyTransactionManagementConfiguration$$EnhancerBySpringCGLIB$$b9e613f1] is not eligible for getting processed by all BeanPostProcessors (for example: not eligible for auto-proxying)
2020-09-03 16:18:46.515 [restartedMain] INFO  o.s.c.s.PostProcessorRegistrationDelegate$BeanPostProcessorChecker - Bean 'org.springframework.security.config.annotation.configuration.ObjectPostProcessorConfiguration' of type [org.springframework.security.config.annotation.configuration.ObjectPostProcessorConfiguration$$EnhancerBySpringCGLIB$$5293dc2b] is not eligible for getting processed by all BeanPostProcessors (for example: not eligible for auto-proxying)
2020-09-03 16:18:46.522 [restartedMain] INFO  o.s.c.s.PostProcessorRegistrationDelegate$BeanPostProcessorChecker - Bean 'objectPostProcessor' of type [org.springframework.security.config.annotation.configuration.AutowireBeanFactoryObjectPostProcessor] is not eligible for getting processed by all BeanPostProcessors (for example: not eligible for auto-proxying)
2020-09-03 16:18:46.526 [restartedMain] INFO  o.s.c.s.PostProcessorRegistrationDelegate$BeanPostProcessorChecker - Bean 'org.springframework.security.access.expression.method.DefaultMethodSecurityExpressionHandler@5577274' of type [org.springframework.security.access.expression.method.DefaultMethodSecurityExpressionHandler] is not eligible for getting processed by all BeanPostProcessors (for example: not eligible for auto-proxying)
2020-09-03 16:18:46.531 [restartedMain] INFO  o.s.c.s.PostProcessorRegistrationDelegate$BeanPostProcessorChecker - Bean 'methodSecurityConfig' of type [com.dasan.aaserver.config.MethodSecurityConfig$$EnhancerBySpringCGLIB$$a67d5752] is not eligible for getting processed by all BeanPostProcessors (for example: not eligible for auto-proxying)
2020-09-03 16:18:46.538 [restartedMain] INFO  o.s.c.s.PostProcessorRegistrationDelegate$BeanPostProcessorChecker - Bean 'methodSecurityMetadataSource' of type [org.springframework.security.access.method.DelegatingMethodSecurityMetadataSource] is not eligible for getting processed by all BeanPostProcessors (for example: not eligible for auto-proxying)
2020-09-03 16:18:47.030 [restartedMain] INFO  o.s.b.w.e.tomcat.TomcatWebServer - Tomcat initialized with port(s): 9989 (http)
2020-09-03 16:18:47.046 [restartedMain] INFO  o.a.coyote.http11.Http11NioProtocol - Initializing ProtocolHandler ["http-nio-9989"]
2020-09-03 16:18:47.055 [restartedMain] INFO  o.a.catalina.core.StandardService - Starting service [Tomcat]
2020-09-03 16:18:47.056 [restartedMain] INFO  o.a.catalina.core.StandardEngine - Starting Servlet engine: [Apache Tomcat/9.0.22]
2020-09-03 16:18:47.184 [restartedMain] INFO  o.a.c.c.C.[Tomcat].[localhost].[/] - Initializing Spring embedded WebApplicationContext
2020-09-03 16:18:47.184 [restartedMain] INFO  o.s.web.context.ContextLoader - Root WebApplicationContext: initialization completed in 2722 ms
2020-09-03 16:18:47.787 [restartedMain] INFO  com.zaxxer.hikari.HikariDataSource - HikariPool-1 - Starting...
2020-09-03 16:18:47.925 [restartedMain] INFO  com.zaxxer.hikari.HikariDataSource - HikariPool-1 - Start completed.
2020-09-03 16:18:47.975 [restartedMain] INFO  o.h.jpa.internal.util.LogHelper - HHH000204: Processing PersistenceUnitInfo [
	name: default
	...]
2020-09-03 16:18:48.048 [restartedMain] INFO  org.hibernate.Version - HHH000412: Hibernate Core {5.3.10.Final}
2020-09-03 16:18:48.050 [restartedMain] INFO  org.hibernate.cfg.Environment - HHH000206: hibernate.properties not found
2020-09-03 16:18:48.196 [restartedMain] INFO  o.h.annotations.common.Version - HCANN000001: Hibernate Commons Annotations {5.0.4.Final}
2020-09-03 16:18:48.334 [restartedMain] INFO  org.hibernate.dialect.Dialect - HHH000400: Using dialect: org.hibernate.dialect.MySQL5Dialect
2020-09-03 16:18:49.473 [restartedMain] INFO  o.s.o.j.LocalContainerEntityManagerFactoryBean - Initialized JPA EntityManagerFactory for persistence unit 'default'
2020-09-03 16:18:49.537 [restartedMain] INFO  o.s.b.d.a.OptionalLiveReloadServer - LiveReload server is running on port 35729
2020-09-03 16:18:49.559 [restartedMain] WARN  o.s.s.o.p.t.s.JwtAccessTokenConverter - Unable to create an RSA verifier from verifierKey (ignoreable if using MAC)
2020-09-03 16:18:50.006 [restartedMain] INFO  o.h.h.i.QueryTranslatorFactoryInitiator - HHH000397: Using ASTQueryTranslatorFactory
2020-09-03 16:18:50.373 [restartedMain] WARN  o.s.b.w.s.c.AnnotationConfigServletWebServerApplicationContext - Exception encountered during context initialization - cancelling refresh attempt: org.springframework.beans.factory.UnsatisfiedDependencyException: Error creating bean with name 'jwtOauth2ServerConfig': Unsatisfied dependency expressed through field 'authenticationManager'; nested exception is org.springframework.beans.factory.UnsatisfiedDependencyException: Error creating bean with name 'webSecurityConfig': Unsatisfied dependency expressed through field 'userDetailsService'; nested exception is org.springframework.beans.factory.NoSuchBeanDefinitionException: No qualifying bean of type 'org.springframework.security.core.userdetails.UserDetailsService' available: expected at least 1 bean which qualifies as autowire candidate. Dependency annotations: {@org.springframework.beans.factory.annotation.Autowired(required=true)}
2020-09-03 16:18:50.374 [restartedMain] INFO  o.s.o.j.LocalContainerEntityManagerFactoryBean - Closing JPA EntityManagerFactory for persistence unit 'default'
2020-09-03 16:18:50.377 [restartedMain] INFO  com.zaxxer.hikari.HikariDataSource - HikariPool-1 - Shutdown initiated...
2020-09-03 16:18:50.384 [restartedMain] INFO  com.zaxxer.hikari.HikariDataSource - HikariPool-1 - Shutdown completed.
2020-09-03 16:18:50.387 [restartedMain] INFO  o.a.catalina.core.StandardService - Stopping service [Tomcat]
2020-09-03 16:18:50.401 [restartedMain] INFO  o.s.b.a.l.ConditionEvaluationReportLoggingListener - 

Error starting ApplicationContext. To display the conditions report re-run your application with 'debug' enabled.
2020-09-03 16:18:50.639 [restartedMain] ERROR o.s.b.d.LoggingFailureAnalysisReporter - 

***************************
APPLICATION FAILED TO START
***************************

Description:

Field userDetailsService in com.dasan.aaserver.config.WebSecurityConfig required a bean of type 'org.springframework.security.core.userdetails.UserDetailsService' that could not be found.

The injection point has the following annotations:
	- @org.springframework.beans.factory.annotation.Autowired(required=true)
	- @org.springframework.beans.factory.annotation.Qualifier(value="authenticationManagerBean")

The following candidates were found but could not be injected:
	- Bean method 'inMemoryUserDetailsManager' in 'UserDetailsServiceAutoConfiguration' not loaded because @ConditionalOnMissingBean (types: org.springframework.security.authentication.AuthenticationManager,org.springframework.security.authentication.AuthenticationProvider,org.springframework.security.core.userdetails.UserDetailsService; SearchStrategy: all) found beans of type 'org.springframework.security.authentication.AuthenticationManager' authenticationManagerBean


Action:

Consider revisiting the entries above or defining a bean of type 'org.springframework.security.core.userdetails.UserDetailsService' in your configuration.

2020-09-03 16:25:20.591 [restartedMain] INFO  c.dasan.aaserver.AaServerApplication - Starting AaServerApplication on VNHANO-L-3693 with PID 4828 (D:\personal\git\aaserver\target\classes started by doanh.nguyen in D:\personal\git\aaserver)
2020-09-03 16:25:20.594 [restartedMain] INFO  c.dasan.aaserver.AaServerApplication - The following profiles are active: dev
2020-09-03 16:25:20.646 [restartedMain] INFO  o.s.b.d.e.DevToolsPropertyDefaultsPostProcessor - Devtools property defaults active! Set 'spring.devtools.add-properties' to 'false' to disable
2020-09-03 16:25:20.646 [restartedMain] INFO  o.s.b.d.e.DevToolsPropertyDefaultsPostProcessor - For additional web related logging consider setting the 'logging.level.web' property to 'DEBUG'
2020-09-03 16:25:21.662 [restartedMain] INFO  o.s.d.r.c.RepositoryConfigurationDelegate - Bootstrapping Spring Data repositories in DEFAULT mode.
2020-09-03 16:25:21.717 [restartedMain] INFO  o.s.d.r.c.RepositoryConfigurationDelegate - Finished Spring Data repository scanning in 50ms. Found 1 repository interfaces.
2020-09-03 16:25:22.402 [restartedMain] INFO  o.s.c.s.PostProcessorRegistrationDelegate$BeanPostProcessorChecker - Bean 'org.springframework.transaction.annotation.ProxyTransactionManagementConfiguration' of type [org.springframework.transaction.annotation.ProxyTransactionManagementConfiguration$$EnhancerBySpringCGLIB$$bd879083] is not eligible for getting processed by all BeanPostProcessors (for example: not eligible for auto-proxying)
2020-09-03 16:25:22.499 [restartedMain] INFO  o.s.c.s.PostProcessorRegistrationDelegate$BeanPostProcessorChecker - Bean 'org.springframework.security.config.annotation.configuration.ObjectPostProcessorConfiguration' of type [org.springframework.security.config.annotation.configuration.ObjectPostProcessorConfiguration$$EnhancerBySpringCGLIB$$563558bd] is not eligible for getting processed by all BeanPostProcessors (for example: not eligible for auto-proxying)
2020-09-03 16:25:22.505 [restartedMain] INFO  o.s.c.s.PostProcessorRegistrationDelegate$BeanPostProcessorChecker - Bean 'objectPostProcessor' of type [org.springframework.security.config.annotation.configuration.AutowireBeanFactoryObjectPostProcessor] is not eligible for getting processed by all BeanPostProcessors (for example: not eligible for auto-proxying)
2020-09-03 16:25:22.507 [restartedMain] INFO  o.s.c.s.PostProcessorRegistrationDelegate$BeanPostProcessorChecker - Bean 'org.springframework.security.access.expression.method.DefaultMethodSecurityExpressionHandler@d6eba57' of type [org.springframework.security.access.expression.method.DefaultMethodSecurityExpressionHandler] is not eligible for getting processed by all BeanPostProcessors (for example: not eligible for auto-proxying)
2020-09-03 16:25:22.508 [restartedMain] INFO  o.s.c.s.PostProcessorRegistrationDelegate$BeanPostProcessorChecker - Bean 'methodSecurityConfig' of type [com.dasan.aaserver.config.MethodSecurityConfig$$EnhancerBySpringCGLIB$$aa1ed3e4] is not eligible for getting processed by all BeanPostProcessors (for example: not eligible for auto-proxying)
2020-09-03 16:25:22.515 [restartedMain] INFO  o.s.c.s.PostProcessorRegistrationDelegate$BeanPostProcessorChecker - Bean 'methodSecurityMetadataSource' of type [org.springframework.security.access.method.DelegatingMethodSecurityMetadataSource] is not eligible for getting processed by all BeanPostProcessors (for example: not eligible for auto-proxying)
2020-09-03 16:25:23.155 [restartedMain] INFO  o.s.b.w.e.tomcat.TomcatWebServer - Tomcat initialized with port(s): 9989 (http)
2020-09-03 16:25:23.170 [restartedMain] INFO  o.a.coyote.http11.Http11NioProtocol - Initializing ProtocolHandler ["http-nio-9989"]
2020-09-03 16:25:23.179 [restartedMain] INFO  o.a.catalina.core.StandardService - Starting service [Tomcat]
2020-09-03 16:25:23.179 [restartedMain] INFO  o.a.catalina.core.StandardEngine - Starting Servlet engine: [Apache Tomcat/9.0.22]
2020-09-03 16:25:23.303 [restartedMain] INFO  o.a.c.c.C.[Tomcat].[localhost].[/] - Initializing Spring embedded WebApplicationContext
2020-09-03 16:25:23.303 [restartedMain] INFO  o.s.web.context.ContextLoader - Root WebApplicationContext: initialization completed in 2656 ms
2020-09-03 16:25:23.905 [restartedMain] INFO  com.zaxxer.hikari.HikariDataSource - HikariPool-1 - Starting...
2020-09-03 16:25:24.004 [restartedMain] INFO  com.zaxxer.hikari.HikariDataSource - HikariPool-1 - Start completed.
2020-09-03 16:25:24.051 [restartedMain] INFO  o.h.jpa.internal.util.LogHelper - HHH000204: Processing PersistenceUnitInfo [
	name: default
	...]
2020-09-03 16:25:24.096 [restartedMain] INFO  org.hibernate.Version - HHH000412: Hibernate Core {5.3.10.Final}
2020-09-03 16:25:24.097 [restartedMain] INFO  org.hibernate.cfg.Environment - HHH000206: hibernate.properties not found
2020-09-03 16:25:24.209 [restartedMain] INFO  o.h.annotations.common.Version - HCANN000001: Hibernate Commons Annotations {5.0.4.Final}
2020-09-03 16:25:24.314 [restartedMain] INFO  org.hibernate.dialect.Dialect - HHH000400: Using dialect: org.hibernate.dialect.MySQL5Dialect
2020-09-03 16:25:24.971 [restartedMain] INFO  o.s.o.j.LocalContainerEntityManagerFactoryBean - Initialized JPA EntityManagerFactory for persistence unit 'default'
2020-09-03 16:25:25.030 [restartedMain] INFO  o.s.b.d.a.OptionalLiveReloadServer - LiveReload server is running on port 35729
2020-09-03 16:25:25.049 [restartedMain] WARN  o.s.s.o.p.t.s.JwtAccessTokenConverter - Unable to create an RSA verifier from verifierKey (ignoreable if using MAC)
2020-09-03 16:25:25.309 [restartedMain] INFO  o.h.h.i.QueryTranslatorFactoryInitiator - HHH000397: Using ASTQueryTranslatorFactory
2020-09-03 16:25:25.811 [restartedMain] WARN  o.s.b.a.o.j.JpaBaseConfiguration$JpaWebConfiguration$JpaWebMvcConfiguration - spring.jpa.open-in-view is enabled by default. Therefore, database queries may be performed during view rendering. Explicitly configure spring.jpa.open-in-view to disable this warning
2020-09-03 16:25:25.920 [restartedMain] INFO  o.s.b.a.e.web.EndpointLinksResolver - Exposing 2 endpoint(s) beneath base path '/actuator'
2020-09-03 16:25:26.198 [restartedMain] INFO  s.d.s.w.PropertySourcedRequestMappingHandlerMapping - Mapped URL path [/v2/api-docs] onto method [public org.springframework.http.ResponseEntity<springfox.documentation.spring.web.json.Json> springfox.documentation.swagger2.web.Swagger2Controller.getDocumentation(java.lang.String,javax.servlet.http.HttpServletRequest)]
2020-09-03 16:25:26.286 [restartedMain] WARN  o.s.b.w.s.c.AnnotationConfigServletWebServerApplicationContext - Exception encountered during context initialization - cancelling refresh attempt: org.springframework.beans.factory.BeanCreationException: Error creating bean with name 'springSecurityFilterChain' defined in class path resource [org/springframework/security/config/annotation/web/configuration/WebSecurityConfiguration.class]: Bean instantiation via factory method failed; nested exception is org.springframework.beans.BeanInstantiationException: Failed to instantiate [javax.servlet.Filter]: Factory method 'springSecurityFilterChain' threw exception; nested exception is java.lang.RuntimeException: javax.xml.bind.JAXBException: Implementation of JAXB-API has not been found on module path or classpath.
 - with linked exception:
[java.lang.ClassNotFoundException: com.sun.xml.internal.bind.v2.ContextFactory]
2020-09-03 16:25:26.288 [restartedMain] INFO  o.s.o.j.LocalContainerEntityManagerFactoryBean - Closing JPA EntityManagerFactory for persistence unit 'default'
2020-09-03 16:25:26.291 [restartedMain] INFO  com.zaxxer.hikari.HikariDataSource - HikariPool-1 - Shutdown initiated...
2020-09-03 16:25:26.297 [restartedMain] INFO  com.zaxxer.hikari.HikariDataSource - HikariPool-1 - Shutdown completed.
2020-09-03 16:25:26.300 [restartedMain] INFO  o.a.catalina.core.StandardService - Stopping service [Tomcat]
2020-09-03 16:25:26.314 [restartedMain] INFO  o.s.b.a.l.ConditionEvaluationReportLoggingListener - 

Error starting ApplicationContext. To display the conditions report re-run your application with 'debug' enabled.
2020-09-03 16:25:26.322 [restartedMain] ERROR o.s.boot.SpringApplication - Application run failed
org.springframework.beans.factory.BeanCreationException: Error creating bean with name 'springSecurityFilterChain' defined in class path resource [org/springframework/security/config/annotation/web/configuration/WebSecurityConfiguration.class]: Bean instantiation via factory method failed; nested exception is org.springframework.beans.BeanInstantiationException: Failed to instantiate [javax.servlet.Filter]: Factory method 'springSecurityFilterChain' threw exception; nested exception is java.lang.RuntimeException: javax.xml.bind.JAXBException: Implementation of JAXB-API has not been found on module path or classpath.
 - with linked exception:
[java.lang.ClassNotFoundException: com.sun.xml.internal.bind.v2.ContextFactory]
	at org.springframework.beans.factory.support.ConstructorResolver.instantiate(ConstructorResolver.java:627)
	at org.springframework.beans.factory.support.ConstructorResolver.instantiateUsingFactoryMethod(ConstructorResolver.java:456)
	at org.springframework.beans.factory.support.AbstractAutowireCapableBeanFactory.instantiateUsingFactoryMethod(AbstractAutowireCapableBeanFactory.java:1321)
	at org.springframework.beans.factory.support.AbstractAutowireCapableBeanFactory.createBeanInstance(AbstractAutowireCapableBeanFactory.java:1160)
	at org.springframework.beans.factory.support.AbstractAutowireCapableBeanFactory.doCreateBean(AbstractAutowireCapableBeanFactory.java:555)
	at org.springframework.beans.factory.support.AbstractAutowireCapableBeanFactory.createBean(AbstractAutowireCapableBeanFactory.java:515)
	at org.springframework.beans.factory.support.AbstractBeanFactory.lambda$doGetBean$0(AbstractBeanFactory.java:320)
	at org.springframework.beans.factory.support.DefaultSingletonBeanRegistry.getSingleton(DefaultSingletonBeanRegistry.java:222)
	at org.springframework.beans.factory.support.AbstractBeanFactory.doGetBean(AbstractBeanFactory.java:318)
	at org.springframework.beans.factory.support.AbstractBeanFactory.getBean(AbstractBeanFactory.java:199)
	at org.springframework.beans.factory.support.AbstractBeanFactory.doGetBean(AbstractBeanFactory.java:307)
	at org.springframework.beans.factory.support.AbstractBeanFactory.getBean(AbstractBeanFactory.java:199)
	at org.springframework.beans.factory.support.DefaultListableBeanFactory.preInstantiateSingletons(DefaultListableBeanFactory.java:845)
	at org.springframework.context.support.AbstractApplicationContext.finishBeanFactoryInitialization(AbstractApplicationContext.java:877)
	at org.springframework.context.support.AbstractApplicationContext.refresh(AbstractApplicationContext.java:549)
	at org.springframework.boot.web.servlet.context.ServletWebServerApplicationContext.refresh(ServletWebServerApplicationContext.java:141)
	at org.springframework.boot.SpringApplication.refresh(SpringApplication.java:743)
	at org.springframework.boot.SpringApplication.refreshContext(SpringApplication.java:390)
	at org.springframework.boot.SpringApplication.run(SpringApplication.java:312)
	at org.springframework.boot.SpringApplication.run(SpringApplication.java:1214)
	at org.springframework.boot.SpringApplication.run(SpringApplication.java:1203)
	at com.dasan.aaserver.AaServerApplication.main(AaServerApplication.java:16)
	at java.base/jdk.internal.reflect.NativeMethodAccessorImpl.invoke0(Native Method)
	at java.base/jdk.internal.reflect.NativeMethodAccessorImpl.invoke(NativeMethodAccessorImpl.java:62)
	at java.base/jdk.internal.reflect.DelegatingMethodAccessorImpl.invoke(DelegatingMethodAccessorImpl.java:43)
	at java.base/java.lang.reflect.Method.invoke(Method.java:566)
	at org.springframework.boot.devtools.restart.RestartLauncher.run(RestartLauncher.java:49)
Caused by: org.springframework.beans.BeanInstantiationException: Failed to instantiate [javax.servlet.Filter]: Factory method 'springSecurityFilterChain' threw exception; nested exception is java.lang.RuntimeException: javax.xml.bind.JAXBException: Implementation of JAXB-API has not been found on module path or classpath.
 - with linked exception:
[java.lang.ClassNotFoundException: com.sun.xml.internal.bind.v2.ContextFactory]
	at org.springframework.beans.factory.support.SimpleInstantiationStrategy.instantiate(SimpleInstantiationStrategy.java:185)
	at org.springframework.beans.factory.support.ConstructorResolver.instantiate(ConstructorResolver.java:622)
	... 26 common frames omitted
Caused by: java.lang.RuntimeException: javax.xml.bind.JAXBException: Implementation of JAXB-API has not been found on module path or classpath.
 - with linked exception:
[java.lang.ClassNotFoundException: com.sun.xml.internal.bind.v2.ContextFactory]
	at org.springframework.security.oauth2.http.converter.jaxb.AbstractJaxbMessageConverter.<init>(AbstractJaxbMessageConverter.java:62)
	at org.springframework.security.oauth2.http.converter.jaxb.JaxbOAuth2ExceptionMessageConverter.<init>(JaxbOAuth2ExceptionMessageConverter.java:21)
	at org.springframework.security.oauth2.provider.error.DefaultOAuth2ExceptionRenderer.geDefaultMessageConverters(DefaultOAuth2ExceptionRenderer.java:117)
	at org.springframework.security.oauth2.provider.error.DefaultOAuth2ExceptionRenderer.<init>(DefaultOAuth2ExceptionRenderer.java:53)
	at org.springframework.security.oauth2.provider.error.AbstractOAuth2SecurityExceptionHandler.<init>(AbstractOAuth2SecurityExceptionHandler.java:42)
	at org.springframework.security.oauth2.provider.error.OAuth2AccessDeniedHandler.<init>(OAuth2AccessDeniedHandler.java:32)
	at org.springframework.security.oauth2.config.annotation.web.configurers.AuthorizationServerSecurityConfigurer.<init>(AuthorizationServerSecurityConfigurer.java:60)
	at org.springframework.security.oauth2.config.annotation.web.configuration.AuthorizationServerSecurityConfiguration.configure(AuthorizationServerSecurityConfiguration.java:74)
	at org.springframework.security.config.annotation.web.configuration.WebSecurityConfigurerAdapter.getHttp(WebSecurityConfigurerAdapter.java:231)
	at org.springframework.security.config.annotation.web.configuration.WebSecurityConfigurerAdapter.init(WebSecurityConfigurerAdapter.java:322)
	at org.springframework.security.config.annotation.web.configuration.WebSecurityConfigurerAdapter.init(WebSecurityConfigurerAdapter.java:92)
	at org.springframework.security.oauth2.config.annotation.web.configuration.AuthorizationServerSecurityConfiguration$$EnhancerBySpringCGLIB$$cc951273.init(<generated>)
	at org.springframework.security.config.annotation.AbstractConfiguredSecurityBuilder.init(AbstractConfiguredSecurityBuilder.java:371)
	at org.springframework.security.config.annotation.AbstractConfiguredSecurityBuilder.doBuild(AbstractConfiguredSecurityBuilder.java:325)
	at org.springframework.security.config.annotation.AbstractSecurityBuilder.build(AbstractSecurityBuilder.java:41)
	at org.springframework.security.config.annotation.web.configuration.WebSecurityConfiguration.springSecurityFilterChain(WebSecurityConfiguration.java:104)
	at org.springframework.security.config.annotation.web.configuration.WebSecurityConfiguration$$EnhancerBySpringCGLIB$$64b8bd76.CGLIB$springSecurityFilterChain$5(<generated>)
	at org.springframework.security.config.annotation.web.configuration.WebSecurityConfiguration$$EnhancerBySpringCGLIB$$64b8bd76$$FastClassBySpringCGLIB$$21696420.invoke(<generated>)
	at org.springframework.cglib.proxy.MethodProxy.invokeSuper(MethodProxy.java:244)
	at org.springframework.context.annotation.ConfigurationClassEnhancer$BeanMethodInterceptor.intercept(ConfigurationClassEnhancer.java:363)
	at org.springframework.security.config.annotation.web.configuration.WebSecurityConfiguration$$EnhancerBySpringCGLIB$$64b8bd76.springSecurityFilterChain(<generated>)
	at java.base/jdk.internal.reflect.NativeMethodAccessorImpl.invoke0(Native Method)
	at java.base/jdk.internal.reflect.NativeMethodAccessorImpl.invoke(NativeMethodAccessorImpl.java:62)
	at java.base/jdk.internal.reflect.DelegatingMethodAccessorImpl.invoke(DelegatingMethodAccessorImpl.java:43)
	at java.base/java.lang.reflect.Method.invoke(Method.java:566)
	at org.springframework.beans.factory.support.SimpleInstantiationStrategy.instantiate(SimpleInstantiationStrategy.java:154)
	... 27 common frames omitted
Caused by: javax.xml.bind.JAXBException: Implementation of JAXB-API has not been found on module path or classpath.
	at javax.xml.bind.ContextFinder.newInstance(ContextFinder.java:278)
	at javax.xml.bind.ContextFinder.find(ContextFinder.java:421)
	at javax.xml.bind.JAXBContext.newInstance(JAXBContext.java:721)
	at javax.xml.bind.JAXBContext.newInstance(JAXBContext.java:662)
	at org.springframework.security.oauth2.http.converter.jaxb.AbstractJaxbMessageConverter.<init>(AbstractJaxbMessageConverter.java:59)
	... 52 common frames omitted
Caused by: java.lang.ClassNotFoundException: com.sun.xml.internal.bind.v2.ContextFactory
	at java.base/jdk.internal.loader.BuiltinClassLoader.loadClass(BuiltinClassLoader.java:583)
	at java.base/jdk.internal.loader.ClassLoaders$AppClassLoader.loadClass(ClassLoaders.java:178)
	at java.base/java.lang.ClassLoader.loadClass(ClassLoader.java:521)
	at org.springframework.boot.devtools.restart.classloader.RestartClassLoader.loadClass(RestartClassLoader.java:144)
	at java.base/java.lang.ClassLoader.loadClass(ClassLoader.java:521)
	at javax.xml.bind.ServiceLoaderUtil.nullSafeLoadClass(ServiceLoaderUtil.java:122)
	at javax.xml.bind.ServiceLoaderUtil.safeLoadClass(ServiceLoaderUtil.java:155)
	at javax.xml.bind.ContextFinder.newInstance(ContextFinder.java:276)
	... 56 common frames omitted
2020-09-03 16:31:50.754 [restartedMain] INFO  c.dasan.aaserver.AaServerApplication - Starting AaServerApplication on VNHANO-L-3693 with PID 11752 (D:\personal\git\aaserver\target\classes started by doanh.nguyen in D:\personal\git\aaserver)
2020-09-03 16:31:50.757 [restartedMain] INFO  c.dasan.aaserver.AaServerApplication - The following profiles are active: dev
2020-09-03 16:31:50.821 [restartedMain] INFO  o.s.b.d.e.DevToolsPropertyDefaultsPostProcessor - Devtools property defaults active! Set 'spring.devtools.add-properties' to 'false' to disable
2020-09-03 16:31:50.821 [restartedMain] INFO  o.s.b.d.e.DevToolsPropertyDefaultsPostProcessor - For additional web related logging consider setting the 'logging.level.web' property to 'DEBUG'
2020-09-03 16:31:51.903 [restartedMain] INFO  o.s.d.r.c.RepositoryConfigurationDelegate - Bootstrapping Spring Data repositories in DEFAULT mode.
2020-09-03 16:31:51.966 [restartedMain] INFO  o.s.d.r.c.RepositoryConfigurationDelegate - Finished Spring Data repository scanning in 57ms. Found 1 repository interfaces.
2020-09-03 16:31:53.710 [restartedMain] INFO  o.s.c.s.PostProcessorRegistrationDelegate$BeanPostProcessorChecker - Bean 'org.springframework.transaction.annotation.ProxyTransactionManagementConfiguration' of type [org.springframework.transaction.annotation.ProxyTransactionManagementConfiguration$$EnhancerBySpringCGLIB$$74ed15ab] is not eligible for getting processed by all BeanPostProcessors (for example: not eligible for auto-proxying)
2020-09-03 16:31:53.933 [restartedMain] INFO  o.s.c.s.PostProcessorRegistrationDelegate$BeanPostProcessorChecker - Bean 'org.springframework.security.config.annotation.configuration.ObjectPostProcessorConfiguration' of type [org.springframework.security.config.annotation.configuration.ObjectPostProcessorConfiguration$$EnhancerBySpringCGLIB$$d9adde5] is not eligible for getting processed by all BeanPostProcessors (for example: not eligible for auto-proxying)
2020-09-03 16:31:53.942 [restartedMain] INFO  o.s.c.s.PostProcessorRegistrationDelegate$BeanPostProcessorChecker - Bean 'objectPostProcessor' of type [org.springframework.security.config.annotation.configuration.AutowireBeanFactoryObjectPostProcessor] is not eligible for getting processed by all BeanPostProcessors (for example: not eligible for auto-proxying)
2020-09-03 16:31:53.945 [restartedMain] INFO  o.s.c.s.PostProcessorRegistrationDelegate$BeanPostProcessorChecker - Bean 'org.springframework.security.access.expression.method.DefaultMethodSecurityExpressionHandler@3900e39a' of type [org.springframework.security.access.expression.method.DefaultMethodSecurityExpressionHandler] is not eligible for getting processed by all BeanPostProcessors (for example: not eligible for auto-proxying)
2020-09-03 16:31:53.950 [restartedMain] INFO  o.s.c.s.PostProcessorRegistrationDelegate$BeanPostProcessorChecker - Bean 'methodSecurityConfig' of type [com.dasan.aaserver.config.MethodSecurityConfig$$EnhancerBySpringCGLIB$$6184590c] is not eligible for getting processed by all BeanPostProcessors (for example: not eligible for auto-proxying)
2020-09-03 16:31:53.959 [restartedMain] INFO  o.s.c.s.PostProcessorRegistrationDelegate$BeanPostProcessorChecker - Bean 'methodSecurityMetadataSource' of type [org.springframework.security.access.method.DelegatingMethodSecurityMetadataSource] is not eligible for getting processed by all BeanPostProcessors (for example: not eligible for auto-proxying)
2020-09-03 16:31:54.800 [restartedMain] INFO  o.s.b.w.e.tomcat.TomcatWebServer - Tomcat initialized with port(s): 9989 (http)
2020-09-03 16:31:54.816 [restartedMain] INFO  o.a.coyote.http11.Http11NioProtocol - Initializing ProtocolHandler ["http-nio-9989"]
2020-09-03 16:31:54.827 [restartedMain] INFO  o.a.catalina.core.StandardService - Starting service [Tomcat]
2020-09-03 16:31:54.827 [restartedMain] INFO  o.a.catalina.core.StandardEngine - Starting Servlet engine: [Apache Tomcat/9.0.22]
2020-09-03 16:31:54.988 [restartedMain] INFO  o.a.c.c.C.[Tomcat].[localhost].[/] - Initializing Spring embedded WebApplicationContext
2020-09-03 16:31:54.989 [restartedMain] INFO  o.s.web.context.ContextLoader - Root WebApplicationContext: initialization completed in 4167 ms
2020-09-03 16:31:55.627 [restartedMain] INFO  com.zaxxer.hikari.HikariDataSource - HikariPool-1 - Starting...
2020-09-03 16:31:55.722 [restartedMain] INFO  com.zaxxer.hikari.HikariDataSource - HikariPool-1 - Start completed.
2020-09-03 16:31:55.766 [restartedMain] INFO  o.h.jpa.internal.util.LogHelper - HHH000204: Processing PersistenceUnitInfo [
	name: default
	...]
2020-09-03 16:31:55.809 [restartedMain] INFO  org.hibernate.Version - HHH000412: Hibernate Core {5.3.10.Final}
2020-09-03 16:31:55.810 [restartedMain] INFO  org.hibernate.cfg.Environment - HHH000206: hibernate.properties not found
2020-09-03 16:31:55.912 [restartedMain] INFO  o.h.annotations.common.Version - HCANN000001: Hibernate Commons Annotations {5.0.4.Final}
2020-09-03 16:31:56.024 [restartedMain] INFO  org.hibernate.dialect.Dialect - HHH000400: Using dialect: org.hibernate.dialect.MySQL5Dialect
2020-09-03 16:31:57.186 [restartedMain] INFO  o.s.o.j.LocalContainerEntityManagerFactoryBean - Initialized JPA EntityManagerFactory for persistence unit 'default'
2020-09-03 16:31:57.242 [restartedMain] INFO  o.s.b.d.a.OptionalLiveReloadServer - LiveReload server is running on port 35729
2020-09-03 16:31:57.261 [restartedMain] WARN  o.s.s.o.p.t.s.JwtAccessTokenConverter - Unable to create an RSA verifier from verifierKey (ignoreable if using MAC)
2020-09-03 16:31:57.512 [restartedMain] INFO  o.h.h.i.QueryTranslatorFactoryInitiator - HHH000397: Using ASTQueryTranslatorFactory
2020-09-03 16:31:58.027 [restartedMain] WARN  o.s.b.a.o.j.JpaBaseConfiguration$JpaWebConfiguration$JpaWebMvcConfiguration - spring.jpa.open-in-view is enabled by default. Therefore, database queries may be performed during view rendering. Explicitly configure spring.jpa.open-in-view to disable this warning
2020-09-03 16:31:58.137 [restartedMain] INFO  o.s.b.a.e.web.EndpointLinksResolver - Exposing 2 endpoint(s) beneath base path '/actuator'
2020-09-03 16:31:58.417 [restartedMain] INFO  s.d.s.w.PropertySourcedRequestMappingHandlerMapping - Mapped URL path [/v2/api-docs] onto method [public org.springframework.http.ResponseEntity<springfox.documentation.spring.web.json.Json> springfox.documentation.swagger2.web.Swagger2Controller.getDocumentation(java.lang.String,javax.servlet.http.HttpServletRequest)]
2020-09-03 16:31:58.662 [restartedMain] INFO  o.s.s.web.DefaultSecurityFilterChain - Creating filter chain: OrRequestMatcher [requestMatchers=[Ant [pattern='/oauth/token'], Ant [pattern='/oauth/token_key'], Ant [pattern='/oauth/check_token']]], [org.springframework.security.web.context.request.async.WebAsyncManagerIntegrationFilter@25732c8, org.springframework.security.web.context.SecurityContextPersistenceFilter@35fcd8d8, org.springframework.security.web.header.HeaderWriterFilter@ce8156c, org.springframework.security.web.authentication.logout.LogoutFilter@5f4554e3, org.springframework.security.web.authentication.www.BasicAuthenticationFilter@1f93c21c, org.springframework.security.web.savedrequest.RequestCacheAwareFilter@2ef34fa3, org.springframework.security.web.servletapi.SecurityContextHolderAwareRequestFilter@49bf1ff8, org.springframework.security.web.authentication.AnonymousAuthenticationFilter@5df67410, org.springframework.security.web.session.SessionManagementFilter@505cb20c, org.springframework.security.web.access.ExceptionTranslationFilter@df350b4, org.springframework.security.web.access.intercept.FilterSecurityInterceptor@2da51d5]
2020-09-03 16:31:58.673 [restartedMain] INFO  o.s.s.web.DefaultSecurityFilterChain - Creating filter chain: org.springframework.security.oauth2.config.annotation.web.configuration.ResourceServerConfiguration$NotOAuthRequestMatcher@486e191a, [org.springframework.security.web.context.request.async.WebAsyncManagerIntegrationFilter@7bed6cc9, org.springframework.security.web.context.SecurityContextPersistenceFilter@77bb8d26, org.springframework.security.web.header.HeaderWriterFilter@a6973a4, org.springframework.security.web.authentication.logout.LogoutFilter@7a804ffb, org.springframework.security.oauth2.provider.authentication.OAuth2AuthenticationProcessingFilter@15f6fa8, org.springframework.security.web.savedrequest.RequestCacheAwareFilter@f2bc785, org.springframework.security.web.servletapi.SecurityContextHolderAwareRequestFilter@4e9e6197, org.springframework.security.web.authentication.AnonymousAuthenticationFilter@28d08f7c, org.springframework.security.web.session.SessionManagementFilter@8c79db2, org.springframework.security.web.access.ExceptionTranslationFilter@238b7c68, org.springframework.security.web.access.intercept.FilterSecurityInterceptor@41a8a633]
2020-09-03 16:31:58.685 [restartedMain] INFO  o.s.s.web.DefaultSecurityFilterChain - Creating filter chain: any request, [org.springframework.security.web.context.request.async.WebAsyncManagerIntegrationFilter@451b9201, org.springframework.security.web.context.SecurityContextPersistenceFilter@623f7489, org.springframework.security.web.header.HeaderWriterFilter@5be29bee, org.springframework.security.web.csrf.CsrfFilter@5d3067ac, org.springframework.security.web.authentication.logout.LogoutFilter@37995a12, org.springframework.security.web.authentication.UsernamePasswordAuthenticationFilter@78e000b6, org.springframework.security.web.authentication.ui.DefaultLoginPageGeneratingFilter@2e9be874, org.springframework.security.web.authentication.ui.DefaultLogoutPageGeneratingFilter@29433c88, org.springframework.security.web.authentication.www.BasicAuthenticationFilter@702fcfc4, org.springframework.security.web.savedrequest.RequestCacheAwareFilter@3e179731, org.springframework.security.web.servletapi.SecurityContextHolderAwareRequestFilter@716556f6, org.springframework.security.web.authentication.AnonymousAuthenticationFilter@515e7ca6, org.springframework.security.web.session.SessionManagementFilter@3c6c79af, org.springframework.security.web.access.ExceptionTranslationFilter@52b3be4, org.springframework.security.web.access.intercept.FilterSecurityInterceptor@6221c2a8]
2020-09-03 16:31:58.893 [restartedMain] INFO  o.s.s.c.ThreadPoolTaskExecutor - Initializing ExecutorService 'applicationTaskExecutor'
2020-09-03 16:31:59.239 [restartedMain] INFO  s.d.s.w.p.DocumentationPluginsBootstrapper - Context refreshed
2020-09-03 16:31:59.257 [restartedMain] INFO  s.d.s.w.p.DocumentationPluginsBootstrapper - Found 1 custom documentation plugin(s)
2020-09-03 16:31:59.291 [restartedMain] INFO  s.d.s.w.s.ApiListingReferenceScanner - Scanning for api listing references
2020-09-03 16:31:59.440 [restartedMain] INFO  o.a.coyote.http11.Http11NioProtocol - Starting ProtocolHandler ["http-nio-9989"]
2020-09-03 16:31:59.463 [restartedMain] INFO  o.s.b.w.e.tomcat.TomcatWebServer - Tomcat started on port(s): 9989 (http) with context path ''
2020-09-03 16:31:59.466 [restartedMain] INFO  c.dasan.aaserver.AaServerApplication - Started AaServerApplication in 9.126 seconds (JVM running for 11.013)
2020-09-03 16:31:59.478 [restartedMain] INFO  c.dasan.aaserver.AaServerApplication - Server start at localhost:9989
2020-09-03 16:31:59.961 [RMI TCP Connection(1)-10.72.128.91] INFO  o.a.c.c.C.[Tomcat].[localhost].[/] - Initializing Spring DispatcherServlet 'dispatcherServlet'
2020-09-03 16:31:59.962 [RMI TCP Connection(1)-10.72.128.91] INFO  o.s.web.servlet.DispatcherServlet - Initializing Servlet 'dispatcherServlet'
2020-09-03 16:31:59.979 [RMI TCP Connection(1)-10.72.128.91] INFO  o.s.web.servlet.DispatcherServlet - Completed initialization in 17 ms
2020-09-03 16:33:34.444 [http-nio-9989-exec-10] INFO  com.dasan.aaserver.aspect.LogAspect - RequestDto(requestId=662be0a2-8521-4473-8905-47e5da76382b, api=GET /users, ip=127.0.0.1, status=200, time=240 ms)
